{"C:\\Users\\SZE11\\Desktop\\CESI\\PetiteMaison_POC (1)\\poc\\product-service\\src\\app.js": {"path":"C:\\Users\\SZE11\\Desktop\\CESI\\PetiteMaison_POC (1)\\poc\\product-service\\src\\app.js","statementMap":{"0":{"start":{"line":1,"column":16},"end":{"line":1,"column":34}},"1":{"start":{"line":2,"column":15},"end":{"line":2,"column":32}},"2":{"start":{"line":3,"column":13},"end":{"line":3,"column":28}},"3":{"start":{"line":4,"column":18},"end":{"line":4,"column":47}},"4":{"start":{"line":5,"column":53},"end":{"line":5,"column":84}},"5":{"start":{"line":6,"column":22},"end":{"line":6,"column":50}},"6":{"start":{"line":7,"column":19},"end":{"line":7,"column":43}},"7":{"start":{"line":8,"column":19},"end":{"line":8,"column":37}},"8":{"start":{"line":10,"column":12},"end":{"line":10,"column":21}},"9":{"start":{"line":11,"column":13},"end":{"line":11,"column":37}},"10":{"start":{"line":13,"column":0},"end":{"line":13,"column":17}},"11":{"start":{"line":14,"column":0},"end":{"line":14,"column":15}},"12":{"start":{"line":15,"column":0},"end":{"line":15,"column":23}},"13":{"start":{"line":16,"column":0},"end":{"line":16,"column":58}},"14":{"start":{"line":17,"column":0},"end":{"line":17,"column":26}},"15":{"start":{"line":19,"column":0},"end":{"line":19,"column":141}},"16":{"start":{"line":19,"column":33},"end":{"line":19,"column":140}},"17":{"start":{"line":20,"column":0},"end":{"line":20,"column":57}},"18":{"start":{"line":20,"column":34},"end":{"line":20,"column":56}},"19":{"start":{"line":22,"column":0},"end":{"line":22,"column":35}},"20":{"start":{"line":23,"column":0},"end":{"line":23,"column":28}},"21":{"start":{"line":25,"column":0},"end":{"line":31,"column":1}},"22":{"start":{"line":26,"column":2},"end":{"line":30,"column":58}},"23":{"start":{"line":27,"column":16},"end":{"line":29,"column":5}},"24":{"start":{"line":28,"column":6},"end":{"line":28,"column":139}},"25":{"start":{"line":30,"column":20},"end":{"line":30,"column":39}},"26":{"start":{"line":30,"column":40},"end":{"line":30,"column":55}},"27":{"start":{"line":33,"column":0},"end":{"line":33,"column":20}}},"fnMap":{"0":{"name":"(anonymous_0)","decl":{"start":{"line":19,"column":19},"end":{"line":19,"column":20}},"loc":{"start":{"line":19,"column":33},"end":{"line":19,"column":140}},"line":19},"1":{"name":"(anonymous_1)","decl":{"start":{"line":20,"column":20},"end":{"line":20,"column":21}},"loc":{"start":{"line":20,"column":34},"end":{"line":20,"column":56}},"line":20},"2":{"name":"(anonymous_2)","decl":{"start":{"line":27,"column":10},"end":{"line":27,"column":11}},"loc":{"start":{"line":27,"column":16},"end":{"line":29,"column":5}},"line":27},"3":{"name":"(anonymous_3)","decl":{"start":{"line":27,"column":33},"end":{"line":27,"column":34}},"loc":{"start":{"line":28,"column":6},"end":{"line":28,"column":139}},"line":28},"4":{"name":"(anonymous_4)","decl":{"start":{"line":30,"column":11},"end":{"line":30,"column":12}},"loc":{"start":{"line":30,"column":18},"end":{"line":30,"column":57}},"line":30}},"branchMap":{"0":{"loc":{"start":{"line":11,"column":13},"end":{"line":11,"column":37}},"type":"binary-expr","locations":[{"start":{"line":11,"column":13},"end":{"line":11,"column":29}},{"start":{"line":11,"column":33},"end":{"line":11,"column":37}}],"line":11},"1":{"loc":{"start":{"line":25,"column":0},"end":{"line":31,"column":1}},"type":"if","locations":[{"start":{"line":25,"column":0},"end":{"line":31,"column":1}},{"start":{},"end":{}}],"line":25}},"s":{"0":1,"1":1,"2":1,"3":1,"4":1,"5":1,"6":1,"7":1,"8":1,"9":1,"10":1,"11":1,"12":1,"13":1,"14":1,"15":1,"16":1,"17":1,"18":1,"19":1,"20":1,"21":1,"22":0,"23":0,"24":0,"25":0,"26":0,"27":1},"f":{"0":1,"1":1,"2":0,"3":0,"4":0},"b":{"0":[1,1],"1":[0,1]},"_coverageSchema":"1a1c01bbd47fc00a2c39e90264f33305004495a9","hash":"68b859b0edf9245aeb3f5816c981d0068b505f1f"}
,"C:\\Users\\SZE11\\Desktop\\CESI\\PetiteMaison_POC (1)\\poc\\product-service\\src\\db\\db.js": {"path":"C:\\Users\\SZE11\\Desktop\\CESI\\PetiteMaison_POC (1)\\poc\\product-service\\src\\db\\db.js","statementMap":{"0":{"start":{"line":1,"column":17},"end":{"line":1,"column":30}},"1":{"start":{"line":3,"column":13},"end":{"line":5,"column":2}},"2":{"start":{"line":8,"column":2},"end":{"line":29,"column":4}},"3":{"start":{"line":31,"column":19},"end":{"line":31,"column":68}},"4":{"start":{"line":32,"column":2},"end":{"line":47,"column":3}},"5":{"start":{"line":33,"column":4},"end":{"line":45,"column":6}},"6":{"start":{"line":46,"column":4},"end":{"line":46,"column":127}},"7":{"start":{"line":50,"column":0},"end":{"line":50,"column":33}}},"fnMap":{"0":{"name":"initDB","decl":{"start":{"line":7,"column":15},"end":{"line":7,"column":21}},"loc":{"start":{"line":7,"column":24},"end":{"line":48,"column":1}},"line":7}},"branchMap":{"0":{"loc":{"start":{"line":4,"column":20},"end":{"line":4,"column":108}},"type":"binary-expr","locations":[{"start":{"line":4,"column":20},"end":{"line":4,"column":44}},{"start":{"line":4,"column":48},"end":{"line":4,"column":108}}],"line":4},"1":{"loc":{"start":{"line":32,"column":2},"end":{"line":47,"column":3}},"type":"if","locations":[{"start":{"line":32,"column":2},"end":{"line":47,"column":3}},{"start":{},"end":{}}],"line":32}},"s":{"0":0,"1":0,"2":0,"3":0,"4":0,"5":0,"6":0,"7":0},"f":{"0":0},"b":{"0":[0,0],"1":[0,0]}}
,"C:\\Users\\SZE11\\Desktop\\CESI\\PetiteMaison_POC (1)\\poc\\product-service\\src\\middleware\\authenticate.js": {"path":"C:\\Users\\SZE11\\Desktop\\CESI\\PetiteMaison_POC (1)\\poc\\product-service\\src\\middleware\\authenticate.js","statementMap":{"0":{"start":{"line":1,"column":12},"end":{"line":1,"column":35}},"1":{"start":{"line":2,"column":19},"end":{"line":2,"column":38}},"2":{"start":{"line":4,"column":21},"end":{"line":4,"column":71}},"3":{"start":{"line":5,"column":14},"end":{"line":5,"column":58}},"4":{"start":{"line":7,"column":15},"end":{"line":12,"column":2}},"5":{"start":{"line":15,"column":2},"end":{"line":18,"column":4}},"6":{"start":{"line":16,"column":4},"end":{"line":16,"column":33}},"7":{"start":{"line":16,"column":13},"end":{"line":16,"column":33}},"8":{"start":{"line":17,"column":4},"end":{"line":17,"column":38}},"9":{"start":{"line":22,"column":21},"end":{"line":22,"column":46}},"10":{"start":{"line":23,"column":2},"end":{"line":25,"column":3}},"11":{"start":{"line":24,"column":4},"end":{"line":24,"column":60}},"12":{"start":{"line":27,"column":16},"end":{"line":27,"column":40}},"13":{"start":{"line":28,"column":2},"end":{"line":37,"column":4}},"14":{"start":{"line":29,"column":4},"end":{"line":29,"column":90}},"15":{"start":{"line":29,"column":13},"end":{"line":29,"column":90}},"16":{"start":{"line":30,"column":4},"end":{"line":35,"column":5}},"17":{"start":{"line":36,"column":4},"end":{"line":36,"column":10}},"18":{"start":{"line":40,"column":0},"end":{"line":40,"column":33}}},"fnMap":{"0":{"name":"getKey","decl":{"start":{"line":14,"column":9},"end":{"line":14,"column":15}},"loc":{"start":{"line":14,"column":34},"end":{"line":19,"column":1}},"line":14},"1":{"name":"(anonymous_1)","decl":{"start":{"line":15,"column":35},"end":{"line":15,"column":36}},"loc":{"start":{"line":15,"column":49},"end":{"line":18,"column":3}},"line":15},"2":{"name":"authenticate","decl":{"start":{"line":21,"column":9},"end":{"line":21,"column":21}},"loc":{"start":{"line":21,"column":38},"end":{"line":38,"column":1}},"line":21},"3":{"name":"(anonymous_3)","decl":{"start":{"line":28,"column":55},"end":{"line":28,"column":56}},"loc":{"start":{"line":28,"column":73},"end":{"line":37,"column":3}},"line":28}},"branchMap":{"0":{"loc":{"start":{"line":4,"column":21},"end":{"line":4,"column":71}},"type":"binary-expr","locations":[{"start":{"line":4,"column":21},"end":{"line":4,"column":45}},{"start":{"line":4,"column":49},"end":{"line":4,"column":71}}],"line":4},"1":{"loc":{"start":{"line":5,"column":14},"end":{"line":5,"column":58}},"type":"binary-expr","locations":[{"start":{"line":5,"column":14},"end":{"line":5,"column":40}},{"start":{"line":5,"column":44},"end":{"line":5,"column":58}}],"line":5},"2":{"loc":{"start":{"line":16,"column":4},"end":{"line":16,"column":33}},"type":"if","locations":[{"start":{"line":16,"column":4},"end":{"line":16,"column":33}},{"start":{},"end":{}}],"line":16},"3":{"loc":{"start":{"line":23,"column":2},"end":{"line":25,"column":3}},"type":"if","locations":[{"start":{"line":23,"column":2},"end":{"line":25,"column":3}},{"start":{},"end":{}}],"line":23},"4":{"loc":{"start":{"line":23,"column":6},"end":{"line":23,"column":54}},"type":"binary-expr","locations":[{"start":{"line":23,"column":6},"end":{"line":23,"column":17}},{"start":{"line":23,"column":21},"end":{"line":23,"column":54}}],"line":23},"5":{"loc":{"start":{"line":29,"column":4},"end":{"line":29,"column":90}},"type":"if","locations":[{"start":{"line":29,"column":4},"end":{"line":29,"column":90}},{"start":{},"end":{}}],"line":29},"6":{"loc":{"start":{"line":33,"column":12},"end":{"line":33,"column":54}},"type":"binary-expr","locations":[{"start":{"line":33,"column":12},"end":{"line":33,"column":24}},{"start":{"line":33,"column":28},"end":{"line":33,"column":54}}],"line":33},"7":{"loc":{"start":{"line":34,"column":13},"end":{"line":34,"column":46}},"type":"binary-expr","locations":[{"start":{"line":34,"column":13},"end":{"line":34,"column":40}},{"start":{"line":34,"column":44},"end":{"line":34,"column":46}}],"line":34}},"s":{"0":0,"1":0,"2":0,"3":0,"4":0,"5":0,"6":0,"7":0,"8":0,"9":0,"10":0,"11":0,"12":0,"13":0,"14":0,"15":0,"16":0,"17":0,"18":0},"f":{"0":0,"1":0,"2":0,"3":0},"b":{"0":[0,0],"1":[0,0],"2":[0,0],"3":[0,0],"4":[0,0],"5":[0,0],"6":[0,0],"7":[0,0]}}
,"C:\\Users\\SZE11\\Desktop\\CESI\\PetiteMaison_POC (1)\\poc\\product-service\\src\\middleware\\metrics.js": {"path":"C:\\Users\\SZE11\\Desktop\\CESI\\PetiteMaison_POC (1)\\poc\\product-service\\src\\middleware\\metrics.js","statementMap":{"0":{"start":{"line":1,"column":18},"end":{"line":1,"column":28}},"1":{"start":{"line":2,"column":16},"end":{"line":2,"column":54}},"2":{"start":{"line":5,"column":16},"end":{"line":5,"column":26}},"3":{"start":{"line":6,"column":2},"end":{"line":21,"column":4}},"4":{"start":{"line":7,"column":21},"end":{"line":7,"column":39}},"5":{"start":{"line":8,"column":4},"end":{"line":8,"column":19}},"6":{"start":{"line":9,"column":4},"end":{"line":9,"column":47}},"7":{"start":{"line":9,"column":31},"end":{"line":9,"column":47}},"8":{"start":{"line":10,"column":4},"end":{"line":10,"column":36}},"9":{"start":{"line":11,"column":4},"end":{"line":11,"column":66}},"10":{"start":{"line":11,"column":41},"end":{"line":11,"column":66}},"11":{"start":{"line":13,"column":4},"end":{"line":20,"column":7}},"12":{"start":{"line":22,"column":2},"end":{"line":22,"column":8}},"13":{"start":{"line":26,"column":17},"end":{"line":26,"column":61}},"14":{"start":{"line":26,"column":55},"end":{"line":26,"column":60}},"15":{"start":{"line":27,"column":17},"end":{"line":27,"column":49}},"16":{"start":{"line":28,"column":2},"end":{"line":39,"column":3}},"17":{"start":{"line":36,"column":74},"end":{"line":36,"column":79}},"18":{"start":{"line":42,"column":0},"end":{"line":42,"column":61}}},"fnMap":{"0":{"name":"metricsMiddleware","decl":{"start":{"line":4,"column":9},"end":{"line":4,"column":26}},"loc":{"start":{"line":4,"column":43},"end":{"line":23,"column":1}},"line":4},"1":{"name":"(anonymous_1)","decl":{"start":{"line":6,"column":19},"end":{"line":6,"column":20}},"loc":{"start":{"line":6,"column":25},"end":{"line":21,"column":3}},"line":6},"2":{"name":"getMetrics","decl":{"start":{"line":25,"column":9},"end":{"line":25,"column":19}},"loc":{"start":{"line":25,"column":22},"end":{"line":40,"column":1}},"line":25},"3":{"name":"(anonymous_3)","decl":{"start":{"line":26,"column":45},"end":{"line":26,"column":46}},"loc":{"start":{"line":26,"column":55},"end":{"line":26,"column":60}},"line":26},"4":{"name":"(anonymous_4)","decl":{"start":{"line":36,"column":64},"end":{"line":36,"column":65}},"loc":{"start":{"line":36,"column":74},"end":{"line":36,"column":79}},"line":36}},"branchMap":{"0":{"loc":{"start":{"line":9,"column":4},"end":{"line":9,"column":47}},"type":"if","locations":[{"start":{"line":9,"column":4},"end":{"line":9,"column":47}},{"start":{},"end":{}}],"line":9},"1":{"loc":{"start":{"line":11,"column":4},"end":{"line":11,"column":66}},"type":"if","locations":[{"start":{"line":11,"column":4},"end":{"line":11,"column":66}},{"start":{},"end":{}}],"line":11},"2":{"loc":{"start":{"line":19,"column":12},"end":{"line":19,"column":39}},"type":"binary-expr","locations":[{"start":{"line":19,"column":12},"end":{"line":19,"column":24}},{"start":{"line":19,"column":28},"end":{"line":19,"column":39}}],"line":19},"3":{"loc":{"start":{"line":33,"column":18},"end":{"line":33,"column":101}},"type":"cond-expr","locations":[{"start":{"line":33,"column":34},"end":{"line":33,"column":91}},{"start":{"line":33,"column":94},"end":{"line":33,"column":101}}],"line":33},"4":{"loc":{"start":{"line":36,"column":23},"end":{"line":36,"column":104}},"type":"cond-expr","locations":[{"start":{"line":36,"column":39},"end":{"line":36,"column":100}},{"start":{"line":36,"column":103},"end":{"line":36,"column":104}}],"line":36},"5":{"loc":{"start":{"line":37,"column":23},"end":{"line":37,"column":42}},"type":"binary-expr","locations":[{"start":{"line":37,"column":23},"end":{"line":37,"column":37}},{"start":{"line":37,"column":41},"end":{"line":37,"column":42}}],"line":37}},"s":{"0":1,"1":1,"2":15,"3":15,"4":15,"5":15,"6":15,"7":7,"8":15,"9":15,"10":0,"11":15,"12":15,"13":1,"14":0,"15":1,"16":1,"17":1,"18":1},"f":{"0":15,"1":15,"2":1,"3":0,"4":1},"b":{"0":[7,8],"1":[0,15],"2":[15,2],"3":[1,0],"4":[1,0],"5":[1,0]},"_coverageSchema":"1a1c01bbd47fc00a2c39e90264f33305004495a9","hash":"851fa482080818b54332e313f83392f2d7cbb774"}
,"C:\\Users\\SZE11\\Desktop\\CESI\\PetiteMaison_POC (1)\\poc\\product-service\\src\\routes\\cart.js": {"path":"C:\\Users\\SZE11\\Desktop\\CESI\\PetiteMaison_POC (1)\\poc\\product-service\\src\\routes\\cart.js","statementMap":{"0":{"start":{"line":1,"column":16},"end":{"line":1,"column":34}},"1":{"start":{"line":2,"column":42},"end":{"line":2,"column":70}},"2":{"start":{"line":3,"column":17},"end":{"line":3,"column":36}},"3":{"start":{"line":4,"column":25},"end":{"line":4,"column":62}},"4":{"start":{"line":5,"column":15},"end":{"line":5,"column":31}},"5":{"start":{"line":8,"column":0},"end":{"line":24,"column":2}},"6":{"start":{"line":9,"column":2},"end":{"line":23,"column":3}},"7":{"start":{"line":10,"column":21},"end":{"line":17,"column":21}},"8":{"start":{"line":19,"column":18},"end":{"line":19,"column":95}},"9":{"start":{"line":19,"column":45},"end":{"line":19,"column":91}},"10":{"start":{"line":20,"column":4},"end":{"line":20,"column":86}},"11":{"start":{"line":22,"column":4},"end":{"line":22,"column":53}},"12":{"start":{"line":27,"column":0},"end":{"line":52,"column":2}},"13":{"start":{"line":31,"column":17},"end":{"line":31,"column":38}},"14":{"start":{"line":32,"column":2},"end":{"line":32,"column":80}},"15":{"start":{"line":32,"column":25},"end":{"line":32,"column":80}},"16":{"start":{"line":34,"column":39},"end":{"line":34,"column":47}},"17":{"start":{"line":36,"column":2},"end":{"line":51,"column":3}},"18":{"start":{"line":37,"column":20},"end":{"line":37,"column":90}},"19":{"start":{"line":38,"column":4},"end":{"line":38,"column":96}},"20":{"start":{"line":38,"column":35},"end":{"line":38,"column":96}},"21":{"start":{"line":39,"column":4},"end":{"line":39,"column":91}},"22":{"start":{"line":39,"column":35},"end":{"line":39,"column":91}},"23":{"start":{"line":41,"column":21},"end":{"line":46,"column":43}},"24":{"start":{"line":48,"column":4},"end":{"line":48,"column":72}},"25":{"start":{"line":50,"column":4},"end":{"line":50,"column":53}},"26":{"start":{"line":55,"column":0},"end":{"line":71,"column":2}},"27":{"start":{"line":58,"column":17},"end":{"line":58,"column":38}},"28":{"start":{"line":59,"column":2},"end":{"line":59,"column":80}},"29":{"start":{"line":59,"column":25},"end":{"line":59,"column":80}},"30":{"start":{"line":61,"column":2},"end":{"line":70,"column":3}},"31":{"start":{"line":62,"column":25},"end":{"line":65,"column":5}},"32":{"start":{"line":66,"column":4},"end":{"line":66,"column":103}},"33":{"start":{"line":66,"column":24},"end":{"line":66,"column":103}},"34":{"start":{"line":67,"column":4},"end":{"line":67,"column":55}},"35":{"start":{"line":69,"column":4},"end":{"line":69,"column":53}},"36":{"start":{"line":73,"column":0},"end":{"line":73,"column":23}}},"fnMap":{"0":{"name":"(anonymous_0)","decl":{"start":{"line":8,"column":30},"end":{"line":8,"column":31}},"loc":{"start":{"line":8,"column":50},"end":{"line":24,"column":1}},"line":8},"1":{"name":"(anonymous_1)","decl":{"start":{"line":19,"column":30},"end":{"line":19,"column":31}},"loc":{"start":{"line":19,"column":45},"end":{"line":19,"column":91}},"line":19},"2":{"name":"(anonymous_2)","decl":{"start":{"line":30,"column":3},"end":{"line":30,"column":4}},"loc":{"start":{"line":30,"column":23},"end":{"line":52,"column":1}},"line":30},"3":{"name":"(anonymous_3)","decl":{"start":{"line":57,"column":3},"end":{"line":57,"column":4}},"loc":{"start":{"line":57,"column":23},"end":{"line":71,"column":1}},"line":57}},"branchMap":{"0":{"loc":{"start":{"line":32,"column":2},"end":{"line":32,"column":80}},"type":"if","locations":[{"start":{"line":32,"column":2},"end":{"line":32,"column":80}},{"start":{},"end":{}}],"line":32},"1":{"loc":{"start":{"line":34,"column":22},"end":{"line":34,"column":34}},"type":"default-arg","locations":[{"start":{"line":34,"column":33},"end":{"line":34,"column":34}}],"line":34},"2":{"loc":{"start":{"line":38,"column":4},"end":{"line":38,"column":96}},"type":"if","locations":[{"start":{"line":38,"column":4},"end":{"line":38,"column":96}},{"start":{},"end":{}}],"line":38},"3":{"loc":{"start":{"line":39,"column":4},"end":{"line":39,"column":91}},"type":"if","locations":[{"start":{"line":39,"column":4},"end":{"line":39,"column":91}},{"start":{},"end":{}}],"line":39},"4":{"loc":{"start":{"line":59,"column":2},"end":{"line":59,"column":80}},"type":"if","locations":[{"start":{"line":59,"column":2},"end":{"line":59,"column":80}},{"start":{},"end":{}}],"line":59},"5":{"loc":{"start":{"line":66,"column":4},"end":{"line":66,"column":103}},"type":"if","locations":[{"start":{"line":66,"column":4},"end":{"line":66,"column":103}},{"start":{},"end":{}}],"line":66}},"s":{"0":1,"1":1,"2":1,"3":1,"4":1,"5":1,"6":1,"7":1,"8":1,"9":0,"10":1,"11":0,"12":1,"13":4,"14":4,"15":1,"16":3,"17":3,"18":3,"19":3,"20":1,"21":2,"22":1,"23":1,"24":1,"25":0,"26":1,"27":2,"28":2,"29":0,"30":2,"31":2,"32":2,"33":1,"34":1,"35":0,"36":1},"f":{"0":1,"1":0,"2":4,"3":2},"b":{"0":[1,3],"1":[2],"2":[1,2],"3":[1,1],"4":[0,2],"5":[1,1]},"_coverageSchema":"1a1c01bbd47fc00a2c39e90264f33305004495a9","hash":"dd372cb3c809c638a03ebde0d1a1e156a5aa16c0"}
,"C:\\Users\\SZE11\\Desktop\\CESI\\PetiteMaison_POC (1)\\poc\\product-service\\src\\routes\\products.js": {"path":"C:\\Users\\SZE11\\Desktop\\CESI\\PetiteMaison_POC (1)\\poc\\product-service\\src\\routes\\products.js","statementMap":{"0":{"start":{"line":1,"column":16},"end":{"line":1,"column":34}},"1":{"start":{"line":2,"column":49},"end":{"line":2,"column":77}},"2":{"start":{"line":3,"column":17},"end":{"line":3,"column":36}},"3":{"start":{"line":4,"column":25},"end":{"line":4,"column":62}},"4":{"start":{"line":5,"column":15},"end":{"line":5,"column":31}},"5":{"start":{"line":7,"column":25},"end":{"line":7,"column":78}},"6":{"start":{"line":10,"column":0},"end":{"line":36,"column":2}},"7":{"start":{"line":15,"column":17},"end":{"line":15,"column":38}},"8":{"start":{"line":16,"column":2},"end":{"line":16,"column":80}},"9":{"start":{"line":16,"column":25},"end":{"line":16,"column":80}},"10":{"start":{"line":18,"column":45},"end":{"line":18,"column":54}},"11":{"start":{"line":19,"column":17},"end":{"line":19,"column":35}},"12":{"start":{"line":21,"column":2},"end":{"line":35,"column":3}},"13":{"start":{"line":23,"column":4},"end":{"line":29,"column":5}},"14":{"start":{"line":24,"column":6},"end":{"line":24,"column":102}},"15":{"start":{"line":25,"column":6},"end":{"line":25,"column":40}},"16":{"start":{"line":27,"column":6},"end":{"line":27,"column":82}},"17":{"start":{"line":28,"column":6},"end":{"line":28,"column":30}},"18":{"start":{"line":30,"column":21},"end":{"line":30,"column":52}},"19":{"start":{"line":31,"column":18},"end":{"line":31,"column":158}},"20":{"start":{"line":32,"column":4},"end":{"line":32,"column":83}},"21":{"start":{"line":34,"column":4},"end":{"line":34,"column":74}},"22":{"start":{"line":39,"column":0},"end":{"line":52,"column":2}},"23":{"start":{"line":42,"column":17},"end":{"line":42,"column":38}},"24":{"start":{"line":43,"column":2},"end":{"line":43,"column":80}},"25":{"start":{"line":43,"column":25},"end":{"line":43,"column":80}},"26":{"start":{"line":45,"column":2},"end":{"line":51,"column":3}},"27":{"start":{"line":46,"column":21},"end":{"line":46,"column":94}},"28":{"start":{"line":47,"column":4},"end":{"line":47,"column":88}},"29":{"start":{"line":47,"column":27},"end":{"line":47,"column":88}},"30":{"start":{"line":48,"column":4},"end":{"line":48,"column":21}},"31":{"start":{"line":50,"column":4},"end":{"line":50,"column":53}},"32":{"start":{"line":54,"column":0},"end":{"line":54,"column":23}}},"fnMap":{"0":{"name":"(anonymous_0)","decl":{"start":{"line":14,"column":3},"end":{"line":14,"column":4}},"loc":{"start":{"line":14,"column":23},"end":{"line":36,"column":1}},"line":14},"1":{"name":"(anonymous_1)","decl":{"start":{"line":41,"column":3},"end":{"line":41,"column":4}},"loc":{"start":{"line":41,"column":23},"end":{"line":52,"column":1}},"line":41}},"branchMap":{"0":{"loc":{"start":{"line":16,"column":2},"end":{"line":16,"column":80}},"type":"if","locations":[{"start":{"line":16,"column":2},"end":{"line":16,"column":80}},{"start":{},"end":{}}],"line":16},"1":{"loc":{"start":{"line":18,"column":20},"end":{"line":18,"column":28}},"type":"default-arg","locations":[{"start":{"line":18,"column":27},"end":{"line":18,"column":28}}],"line":18},"2":{"loc":{"start":{"line":18,"column":30},"end":{"line":18,"column":40}},"type":"default-arg","locations":[{"start":{"line":18,"column":38},"end":{"line":18,"column":40}}],"line":18},"3":{"loc":{"start":{"line":23,"column":4},"end":{"line":29,"column":5}},"type":"if","locations":[{"start":{"line":23,"column":4},"end":{"line":29,"column":5}},{"start":{"line":26,"column":11},"end":{"line":29,"column":5}}],"line":23},"4":{"loc":{"start":{"line":31,"column":35},"end":{"line":31,"column":129}},"type":"cond-expr","locations":[{"start":{"line":31,"column":46},"end":{"line":31,"column":95}},{"start":{"line":31,"column":98},"end":{"line":31,"column":129}}],"line":31},"5":{"loc":{"start":{"line":31,"column":131},"end":{"line":31,"column":157}},"type":"cond-expr","locations":[{"start":{"line":31,"column":142},"end":{"line":31,"column":152}},{"start":{"line":31,"column":155},"end":{"line":31,"column":157}}],"line":31},"6":{"loc":{"start":{"line":43,"column":2},"end":{"line":43,"column":80}},"type":"if","locations":[{"start":{"line":43,"column":2},"end":{"line":43,"column":80}},{"start":{},"end":{}}],"line":43},"7":{"loc":{"start":{"line":47,"column":4},"end":{"line":47,"column":88}},"type":"if","locations":[{"start":{"line":47,"column":4},"end":{"line":47,"column":88}},{"start":{},"end":{}}],"line":47}},"s":{"0":1,"1":1,"2":1,"3":1,"4":1,"5":1,"6":1,"7":3,"8":3,"9":1,"10":2,"11":2,"12":2,"13":2,"14":1,"15":1,"16":1,"17":1,"18":2,"19":2,"20":2,"21":0,"22":1,"23":3,"24":3,"25":1,"26":2,"27":2,"28":2,"29":1,"30":1,"31":0,"32":1},"f":{"0":3,"1":3},"b":{"0":[1,2],"1":[2],"2":[2],"3":[1,1],"4":[1,1],"5":[1,1],"6":[1,2],"7":[1,1]},"_coverageSchema":"1a1c01bbd47fc00a2c39e90264f33305004495a9","hash":"5d2410d5a79602e7a34c45586a87a20177f93b44"}
}
