TN:
SF:src\app.js
FN:19,(anonymous_0)
FN:20,(anonymous_1)
FN:27,(anonymous_2)
FN:27,(anonymous_3)
FN:30,(anonymous_4)
FNF:5
FNH:2
FNDA:1,(anonymous_0)
FNDA:1,(anonymous_1)
FNDA:0,(anonymous_2)
FNDA:0,(anonymous_3)
FNDA:0,(anonymous_4)
DA:1,1
DA:2,1
DA:3,1
DA:4,1
DA:5,1
DA:6,1
DA:7,1
DA:8,1
DA:10,1
DA:11,1
DA:13,1
DA:14,1
DA:15,1
DA:16,1
DA:17,1
DA:19,1
DA:20,1
DA:22,1
DA:23,1
DA:25,1
DA:26,0
DA:27,0
DA:28,0
DA:30,0
DA:33,1
LF:25
LH:21
BRDA:11,0,0,1
BRDA:11,0,1,1
BRDA:25,1,0,0
BRDA:25,1,1,1
BRF:4
BRH:3
end_of_record
TN:
SF:src\db\db.js
FN:7,initDB
FNF:1
FNH:0
FNDA:0,initDB
DA:1,0
DA:3,0
DA:8,0
DA:31,0
DA:32,0
DA:33,0
DA:46,0
DA:50,0
LF:8
LH:0
BRDA:4,0,0,0
BRDA:4,0,1,0
BRDA:32,1,0,0
BRDA:32,1,1,0
BRF:4
BRH:0
end_of_record
TN:
SF:src\middleware\authenticate.js
FN:14,getKey
FN:15,(anonymous_1)
FN:21,authenticate
FN:28,(anonymous_3)
FNF:4
FNH:0
FNDA:0,getKey
FNDA:0,(anonymous_1)
FNDA:0,authenticate
FNDA:0,(anonymous_3)
DA:1,0
DA:2,0
DA:4,0
DA:5,0
DA:7,0
DA:15,0
DA:16,0
DA:17,0
DA:22,0
DA:23,0
DA:24,0
DA:27,0
DA:28,0
DA:29,0
DA:30,0
DA:36,0
DA:40,0
LF:17
LH:0
BRDA:4,0,0,0
BRDA:4,0,1,0
BRDA:5,1,0,0
BRDA:5,1,1,0
BRDA:16,2,0,0
BRDA:16,2,1,0
BRDA:23,3,0,0
BRDA:23,3,1,0
BRDA:23,4,0,0
BRDA:23,4,1,0
BRDA:29,5,0,0
BRDA:29,5,1,0
BRDA:33,6,0,0
BRDA:33,6,1,0
BRDA:34,7,0,0
BRDA:34,7,1,0
BRF:16
BRH:0
end_of_record
TN:
SF:src\middleware\metrics.js
FN:4,metricsMiddleware
FN:6,(anonymous_1)
FN:25,getMetrics
FN:26,(anonymous_3)
FN:36,(anonymous_4)
FNF:5
FNH:4
FNDA:15,metricsMiddleware
FNDA:15,(anonymous_1)
FNDA:1,getMetrics
FNDA:0,(anonymous_3)
FNDA:1,(anonymous_4)
DA:1,1
DA:2,1
DA:5,15
DA:6,15
DA:7,15
DA:8,15
DA:9,15
DA:10,15
DA:11,15
DA:13,15
DA:22,15
DA:26,1
DA:27,1
DA:28,1
DA:36,1
DA:42,1
LF:16
LH:16
BRDA:9,0,0,7
BRDA:9,0,1,8
BRDA:11,1,0,0
BRDA:11,1,1,15
BRDA:19,2,0,15
BRDA:19,2,1,2
BRDA:33,3,0,1
BRDA:33,3,1,0
BRDA:36,4,0,1
BRDA:36,4,1,0
BRDA:37,5,0,1
BRDA:37,5,1,0
BRF:12
BRH:8
end_of_record
TN:
SF:src\routes\cart.js
FN:8,(anonymous_0)
FN:19,(anonymous_1)
FN:30,(anonymous_2)
FN:57,(anonymous_3)
FNF:4
FNH:3
FNDA:1,(anonymous_0)
FNDA:0,(anonymous_1)
FNDA:4,(anonymous_2)
FNDA:2,(anonymous_3)
DA:1,1
DA:2,1
DA:3,1
DA:4,1
DA:5,1
DA:8,1
DA:9,1
DA:10,1
DA:19,1
DA:20,1
DA:22,0
DA:27,1
DA:31,4
DA:32,4
DA:34,3
DA:36,3
DA:37,3
DA:38,3
DA:39,2
DA:41,1
DA:48,1
DA:50,0
DA:55,1
DA:58,2
DA:59,2
DA:61,2
DA:62,2
DA:66,2
DA:67,1
DA:69,0
DA:73,1
LF:31
LH:28
BRDA:32,0,0,1
BRDA:32,0,1,3
BRDA:34,1,0,2
BRDA:38,2,0,1
BRDA:38,2,1,2
BRDA:39,3,0,1
BRDA:39,3,1,1
BRDA:59,4,0,0
BRDA:59,4,1,2
BRDA:66,5,0,1
BRDA:66,5,1,1
BRF:11
BRH:10
end_of_record
TN:
SF:src\routes\products.js
FN:14,(anonymous_0)
FN:41,(anonymous_1)
FNF:2
FNH:2
FNDA:3,(anonymous_0)
FNDA:3,(anonymous_1)
DA:1,1
DA:2,1
DA:3,1
DA:4,1
DA:5,1
DA:7,1
DA:10,1
DA:15,3
DA:16,3
DA:18,2
DA:19,2
DA:21,2
DA:23,2
DA:24,1
DA:25,1
DA:27,1
DA:28,1
DA:30,2
DA:31,2
DA:32,2
DA:34,0
DA:39,1
DA:42,3
DA:43,3
DA:45,2
DA:46,2
DA:47,2
DA:48,1
DA:50,0
DA:54,1
LF:30
LH:28
BRDA:16,0,0,1
BRDA:16,0,1,2
BRDA:18,1,0,2
BRDA:18,2,0,2
BRDA:23,3,0,1
BRDA:23,3,1,1
BRDA:31,4,0,1
BRDA:31,4,1,1
BRDA:31,5,0,1
BRDA:31,5,1,1
BRDA:43,6,0,1
BRDA:43,6,1,2
BRDA:47,7,0,1
BRDA:47,7,1,1
BRF:14
BRH:14
end_of_record
