{"C:\\Users\\SZE11\\Desktop\\CESI\\PetiteMaison_POC (1)\\poc\\auth-service\\src\\app.js": {"path":"C:\\Users\\SZE11\\Desktop\\CESI\\PetiteMaison_POC (1)\\poc\\auth-service\\src\\app.js","statementMap":{"0":{"start":{"line":1,"column":16},"end":{"line":1,"column":34}},"1":{"start":{"line":2,"column":15},"end":{"line":2,"column":32}},"2":{"start":{"line":3,"column":13},"end":{"line":3,"column":28}},"3":{"start":{"line":4,"column":18},"end":{"line":4,"column":47}},"4":{"start":{"line":5,"column":53},"end":{"line":5,"column":84}},"5":{"start":{"line":6,"column":19},"end":{"line":6,"column":43}},"6":{"start":{"line":8,"column":12},"end":{"line":8,"column":21}},"7":{"start":{"line":9,"column":13},"end":{"line":9,"column":37}},"8":{"start":{"line":11,"column":0},"end":{"line":11,"column":17}},"9":{"start":{"line":12,"column":0},"end":{"line":12,"column":15}},"10":{"start":{"line":13,"column":0},"end":{"line":13,"column":23}},"11":{"start":{"line":15,"column":16},"end":{"line":15,"column":65}},"12":{"start":{"line":16,"column":0},"end":{"line":16,"column":16}},"13":{"start":{"line":18,"column":0},"end":{"line":18,"column":26}},"14":{"start":{"line":20,"column":0},"end":{"line":26,"column":2}},"15":{"start":{"line":21,"column":2},"end":{"line":25,"column":4}},"16":{"start":{"line":28,"column":0},"end":{"line":28,"column":57}},"17":{"start":{"line":28,"column":34},"end":{"line":28,"column":56}},"18":{"start":{"line":30,"column":0},"end":{"line":30,"column":24}},"19":{"start":{"line":32,"column":0},"end":{"line":36,"column":1}},"20":{"start":{"line":33,"column":2},"end":{"line":35,"column":4}},"21":{"start":{"line":33,"column":25},"end":{"line":35,"column":3}},"22":{"start":{"line":38,"column":0},"end":{"line":38,"column":20}}},"fnMap":{"0":{"name":"(anonymous_0)","decl":{"start":{"line":20,"column":19},"end":{"line":20,"column":20}},"loc":{"start":{"line":20,"column":33},"end":{"line":26,"column":1}},"line":20},"1":{"name":"(anonymous_1)","decl":{"start":{"line":28,"column":20},"end":{"line":28,"column":21}},"loc":{"start":{"line":28,"column":34},"end":{"line":28,"column":56}},"line":28},"2":{"name":"(anonymous_2)","decl":{"start":{"line":33,"column":19},"end":{"line":33,"column":20}},"loc":{"start":{"line":33,"column":25},"end":{"line":35,"column":3}},"line":33}},"branchMap":{"0":{"loc":{"start":{"line":9,"column":13},"end":{"line":9,"column":37}},"type":"binary-expr","locations":[{"start":{"line":9,"column":13},"end":{"line":9,"column":29}},{"start":{"line":9,"column":33},"end":{"line":9,"column":37}}],"line":9},"1":{"loc":{"start":{"line":32,"column":0},"end":{"line":36,"column":1}},"type":"if","locations":[{"start":{"line":32,"column":0},"end":{"line":36,"column":1}},{"start":{},"end":{}}],"line":32}},"s":{"0":1,"1":1,"2":1,"3":1,"4":1,"5":1,"6":1,"7":1,"8":1,"9":1,"10":1,"11":1,"12":1,"13":1,"14":1,"15":1,"16":1,"17":1,"18":1,"19":1,"20":0,"21":0,"22":1},"f":{"0":1,"1":1,"2":0},"b":{"0":[1,1],"1":[0,1]},"_coverageSchema":"1a1c01bbd47fc00a2c39e90264f33305004495a9","hash":"abcc2a777c9dfd7f6c4770276d36c22f8107ec99"}
,"C:\\Users\\SZE11\\Desktop\\CESI\\PetiteMaison_POC (1)\\poc\\auth-service\\src\\middleware\\metrics.js": {"path":"C:\\Users\\SZE11\\Desktop\\CESI\\PetiteMaison_POC (1)\\poc\\auth-service\\src\\middleware\\metrics.js","statementMap":{"0":{"start":{"line":1,"column":18},"end":{"line":1,"column":28}},"1":{"start":{"line":2,"column":16},"end":{"line":2,"column":54}},"2":{"start":{"line":5,"column":16},"end":{"line":5,"column":26}},"3":{"start":{"line":6,"column":2},"end":{"line":20,"column":4}},"4":{"start":{"line":7,"column":21},"end":{"line":7,"column":39}},"5":{"start":{"line":8,"column":4},"end":{"line":8,"column":19}},"6":{"start":{"line":9,"column":4},"end":{"line":9,"column":47}},"7":{"start":{"line":9,"column":31},"end":{"line":9,"column":47}},"8":{"start":{"line":10,"column":4},"end":{"line":10,"column":36}},"9":{"start":{"line":11,"column":4},"end":{"line":11,"column":66}},"10":{"start":{"line":11,"column":41},"end":{"line":11,"column":66}},"11":{"start":{"line":13,"column":4},"end":{"line":19,"column":7}},"12":{"start":{"line":21,"column":2},"end":{"line":21,"column":8}},"13":{"start":{"line":25,"column":17},"end":{"line":25,"column":61}},"14":{"start":{"line":25,"column":55},"end":{"line":25,"column":60}},"15":{"start":{"line":26,"column":17},"end":{"line":26,"column":49}},"16":{"start":{"line":27,"column":2},"end":{"line":38,"column":3}},"17":{"start":{"line":35,"column":74},"end":{"line":35,"column":79}},"18":{"start":{"line":41,"column":0},"end":{"line":41,"column":61}}},"fnMap":{"0":{"name":"metricsMiddleware","decl":{"start":{"line":4,"column":9},"end":{"line":4,"column":26}},"loc":{"start":{"line":4,"column":43},"end":{"line":22,"column":1}},"line":4},"1":{"name":"(anonymous_1)","decl":{"start":{"line":6,"column":19},"end":{"line":6,"column":20}},"loc":{"start":{"line":6,"column":25},"end":{"line":20,"column":3}},"line":6},"2":{"name":"getMetrics","decl":{"start":{"line":24,"column":9},"end":{"line":24,"column":19}},"loc":{"start":{"line":24,"column":22},"end":{"line":39,"column":1}},"line":24},"3":{"name":"(anonymous_3)","decl":{"start":{"line":25,"column":45},"end":{"line":25,"column":46}},"loc":{"start":{"line":25,"column":55},"end":{"line":25,"column":60}},"line":25},"4":{"name":"(anonymous_4)","decl":{"start":{"line":35,"column":64},"end":{"line":35,"column":65}},"loc":{"start":{"line":35,"column":74},"end":{"line":35,"column":79}},"line":35}},"branchMap":{"0":{"loc":{"start":{"line":9,"column":4},"end":{"line":9,"column":47}},"type":"if","locations":[{"start":{"line":9,"column":4},"end":{"line":9,"column":47}},{"start":{},"end":{}}],"line":9},"1":{"loc":{"start":{"line":11,"column":4},"end":{"line":11,"column":66}},"type":"if","locations":[{"start":{"line":11,"column":4},"end":{"line":11,"column":66}},{"start":{},"end":{}}],"line":11},"2":{"loc":{"start":{"line":32,"column":18},"end":{"line":32,"column":101}},"type":"cond-expr","locations":[{"start":{"line":32,"column":34},"end":{"line":32,"column":91}},{"start":{"line":32,"column":94},"end":{"line":32,"column":101}}],"line":32},"3":{"loc":{"start":{"line":35,"column":23},"end":{"line":35,"column":104}},"type":"cond-expr","locations":[{"start":{"line":35,"column":39},"end":{"line":35,"column":100}},{"start":{"line":35,"column":103},"end":{"line":35,"column":104}}],"line":35},"4":{"loc":{"start":{"line":36,"column":23},"end":{"line":36,"column":42}},"type":"binary-expr","locations":[{"start":{"line":36,"column":23},"end":{"line":36,"column":37}},{"start":{"line":36,"column":41},"end":{"line":36,"column":42}}],"line":36}},"s":{"0":1,"1":1,"2":6,"3":6,"4":6,"5":6,"6":6,"7":4,"8":6,"9":6,"10":0,"11":6,"12":6,"13":1,"14":0,"15":1,"16":1,"17":1,"18":1},"f":{"0":6,"1":6,"2":1,"3":0,"4":1},"b":{"0":[4,2],"1":[0,6],"2":[1,0],"3":[1,0],"4":[1,0]},"_coverageSchema":"1a1c01bbd47fc00a2c39e90264f33305004495a9","hash":"3b37a2fd0c01c5bd6719932702b0f75fb5e29f10"}
,"C:\\Users\\SZE11\\Desktop\\CESI\\PetiteMaison_POC (1)\\poc\\auth-service\\src\\routes\\auth.js": {"path":"C:\\Users\\SZE11\\Desktop\\CESI\\PetiteMaison_POC (1)\\poc\\auth-service\\src\\routes\\auth.js","statementMap":{"0":{"start":{"line":1,"column":16},"end":{"line":1,"column":34}},"1":{"start":{"line":2,"column":12},"end":{"line":2,"column":35}},"2":{"start":{"line":3,"column":19},"end":{"line":3,"column":38}},"3":{"start":{"line":4,"column":15},"end":{"line":4,"column":31}},"4":{"start":{"line":6,"column":21},"end":{"line":6,"column":71}},"5":{"start":{"line":7,"column":14},"end":{"line":7,"column":58}},"6":{"start":{"line":8,"column":17},"end":{"line":8,"column":80}},"7":{"start":{"line":10,"column":15},"end":{"line":10,"column":102}},"8":{"start":{"line":13,"column":2},"end":{"line":16,"column":4}},"9":{"start":{"line":14,"column":4},"end":{"line":14,"column":33}},"10":{"start":{"line":14,"column":13},"end":{"line":14,"column":33}},"11":{"start":{"line":15,"column":4},"end":{"line":15,"column":38}},"12":{"start":{"line":20,"column":0},"end":{"line":41,"column":2}},"13":{"start":{"line":21,"column":21},"end":{"line":21,"column":46}},"14":{"start":{"line":22,"column":2},"end":{"line":24,"column":3}},"15":{"start":{"line":23,"column":4},"end":{"line":23,"column":60}},"16":{"start":{"line":26,"column":16},"end":{"line":26,"column":40}},"17":{"start":{"line":27,"column":2},"end":{"line":40,"column":4}},"18":{"start":{"line":28,"column":4},"end":{"line":30,"column":5}},"19":{"start":{"line":29,"column":6},"end":{"line":29,"column":83}},"20":{"start":{"line":31,"column":4},"end":{"line":39,"column":6}},"21":{"start":{"line":44,"column":0},"end":{"line":60,"column":2}},"22":{"start":{"line":45,"column":21},"end":{"line":45,"column":46}},"23":{"start":{"line":46,"column":2},"end":{"line":48,"column":3}},"24":{"start":{"line":47,"column":4},"end":{"line":47,"column":60}},"25":{"start":{"line":50,"column":16},"end":{"line":50,"column":40}},"26":{"start":{"line":51,"column":2},"end":{"line":59,"column":4}},"27":{"start":{"line":52,"column":4},"end":{"line":52,"column":69}},"28":{"start":{"line":52,"column":13},"end":{"line":52,"column":69}},"29":{"start":{"line":53,"column":4},"end":{"line":58,"column":6}},"30":{"start":{"line":62,"column":0},"end":{"line":62,"column":23}}},"fnMap":{"0":{"name":"getKey","decl":{"start":{"line":12,"column":9},"end":{"line":12,"column":15}},"loc":{"start":{"line":12,"column":34},"end":{"line":17,"column":1}},"line":12},"1":{"name":"(anonymous_1)","decl":{"start":{"line":13,"column":35},"end":{"line":13,"column":36}},"loc":{"start":{"line":13,"column":49},"end":{"line":16,"column":3}},"line":13},"2":{"name":"(anonymous_2)","decl":{"start":{"line":20,"column":23},"end":{"line":20,"column":24}},"loc":{"start":{"line":20,"column":37},"end":{"line":41,"column":1}},"line":20},"3":{"name":"(anonymous_3)","decl":{"start":{"line":27,"column":55},"end":{"line":27,"column":56}},"loc":{"start":{"line":27,"column":73},"end":{"line":40,"column":3}},"line":27},"4":{"name":"(anonymous_4)","decl":{"start":{"line":44,"column":18},"end":{"line":44,"column":19}},"loc":{"start":{"line":44,"column":32},"end":{"line":60,"column":1}},"line":44},"5":{"name":"(anonymous_5)","decl":{"start":{"line":51,"column":55},"end":{"line":51,"column":56}},"loc":{"start":{"line":51,"column":73},"end":{"line":59,"column":3}},"line":51}},"branchMap":{"0":{"loc":{"start":{"line":6,"column":21},"end":{"line":6,"column":71}},"type":"binary-expr","locations":[{"start":{"line":6,"column":21},"end":{"line":6,"column":45}},{"start":{"line":6,"column":49},"end":{"line":6,"column":71}}],"line":6},"1":{"loc":{"start":{"line":7,"column":14},"end":{"line":7,"column":58}},"type":"binary-expr","locations":[{"start":{"line":7,"column":14},"end":{"line":7,"column":40}},{"start":{"line":7,"column":44},"end":{"line":7,"column":58}}],"line":7},"2":{"loc":{"start":{"line":14,"column":4},"end":{"line":14,"column":33}},"type":"if","locations":[{"start":{"line":14,"column":4},"end":{"line":14,"column":33}},{"start":{},"end":{}}],"line":14},"3":{"loc":{"start":{"line":22,"column":2},"end":{"line":24,"column":3}},"type":"if","locations":[{"start":{"line":22,"column":2},"end":{"line":24,"column":3}},{"start":{},"end":{}}],"line":22},"4":{"loc":{"start":{"line":22,"column":6},"end":{"line":22,"column":54}},"type":"binary-expr","locations":[{"start":{"line":22,"column":6},"end":{"line":22,"column":17}},{"start":{"line":22,"column":21},"end":{"line":22,"column":54}}],"line":22},"5":{"loc":{"start":{"line":28,"column":4},"end":{"line":30,"column":5}},"type":"if","locations":[{"start":{"line":28,"column":4},"end":{"line":30,"column":5}},{"start":{},"end":{}}],"line":28},"6":{"loc":{"start":{"line":36,"column":14},"end":{"line":36,"column":56}},"type":"binary-expr","locations":[{"start":{"line":36,"column":14},"end":{"line":36,"column":26}},{"start":{"line":36,"column":30},"end":{"line":36,"column":56}}],"line":36},"7":{"loc":{"start":{"line":37,"column":15},"end":{"line":37,"column":48}},"type":"binary-expr","locations":[{"start":{"line":37,"column":15},"end":{"line":37,"column":42}},{"start":{"line":37,"column":46},"end":{"line":37,"column":48}}],"line":37},"8":{"loc":{"start":{"line":46,"column":2},"end":{"line":48,"column":3}},"type":"if","locations":[{"start":{"line":46,"column":2},"end":{"line":48,"column":3}},{"start":{},"end":{}}],"line":46},"9":{"loc":{"start":{"line":46,"column":6},"end":{"line":46,"column":54}},"type":"binary-expr","locations":[{"start":{"line":46,"column":6},"end":{"line":46,"column":17}},{"start":{"line":46,"column":21},"end":{"line":46,"column":54}}],"line":46},"10":{"loc":{"start":{"line":52,"column":4},"end":{"line":52,"column":69}},"type":"if","locations":[{"start":{"line":52,"column":4},"end":{"line":52,"column":69}},{"start":{},"end":{}}],"line":52},"11":{"loc":{"start":{"line":56,"column":12},"end":{"line":56,"column":54}},"type":"binary-expr","locations":[{"start":{"line":56,"column":12},"end":{"line":56,"column":24}},{"start":{"line":56,"column":28},"end":{"line":56,"column":54}}],"line":56},"12":{"loc":{"start":{"line":57,"column":13},"end":{"line":57,"column":46}},"type":"binary-expr","locations":[{"start":{"line":57,"column":13},"end":{"line":57,"column":40}},{"start":{"line":57,"column":44},"end":{"line":57,"column":46}}],"line":57}},"s":{"0":1,"1":1,"2":1,"3":1,"4":1,"5":1,"6":1,"7":1,"8":0,"9":0,"10":0,"11":0,"12":1,"13":3,"14":3,"15":2,"16":1,"17":1,"18":1,"19":1,"20":0,"21":1,"22":1,"23":1,"24":1,"25":0,"26":0,"27":0,"28":0,"29":0,"30":1},"f":{"0":0,"1":0,"2":3,"3":1,"4":1,"5":0},"b":{"0":[1,1],"1":[1,1],"2":[0,0],"3":[2,1],"4":[3,2],"5":[1,0],"6":[0,0],"7":[0,0],"8":[1,0],"9":[1,0],"10":[0,0],"11":[0,0],"12":[0,0]},"_coverageSchema":"1a1c01bbd47fc00a2c39e90264f33305004495a9","hash":"8cca7d8c432ff2483f1467d3938add6ec590008c"}
}
