TN:
SF:src\app.js
FN:20,(anonymous_0)
FN:28,(anonymous_1)
FN:33,(anonymous_2)
FNF:3
FNH:2
FNDA:1,(anonymous_0)
FNDA:1,(anonymous_1)
FNDA:0,(anonymous_2)
DA:1,1
DA:2,1
DA:3,1
DA:4,1
DA:5,1
DA:6,1
DA:8,1
DA:9,1
DA:11,1
DA:12,1
DA:13,1
DA:15,1
DA:16,1
DA:18,1
DA:20,1
DA:21,1
DA:28,1
DA:30,1
DA:32,1
DA:33,0
DA:38,1
LF:21
LH:20
BRDA:9,0,0,1
BRDA:9,0,1,1
BRDA:32,1,0,0
BRDA:32,1,1,1
BRF:4
BRH:3
end_of_record
TN:
SF:src\middleware\metrics.js
FN:4,metricsMiddleware
FN:6,(anonymous_1)
FN:24,getMetrics
FN:25,(anonymous_3)
FN:35,(anonymous_4)
FNF:5
FNH:4
FNDA:6,metricsMiddleware
FNDA:6,(anonymous_1)
FNDA:1,getMetrics
FNDA:0,(anonymous_3)
FNDA:1,(anonymous_4)
DA:1,1
DA:2,1
DA:5,6
DA:6,6
DA:7,6
DA:8,6
DA:9,6
DA:10,6
DA:11,6
DA:13,6
DA:21,6
DA:25,1
DA:26,1
DA:27,1
DA:35,1
DA:41,1
LF:16
LH:16
BRDA:9,0,0,4
BRDA:9,0,1,2
BRDA:11,1,0,0
BRDA:11,1,1,6
BRDA:32,2,0,1
BRDA:32,2,1,0
BRDA:35,3,0,1
BRDA:35,3,1,0
BRDA:36,4,0,1
BRDA:36,4,1,0
BRF:10
BRH:6
end_of_record
TN:
SF:src\routes\auth.js
FN:12,getKey
FN:13,(anonymous_1)
FN:20,(anonymous_2)
FN:27,(anonymous_3)
FN:44,(anonymous_4)
FN:51,(anonymous_5)
FNF:6
FNH:3
FNDA:0,getKey
FNDA:0,(anonymous_1)
FNDA:3,(anonymous_2)
FNDA:1,(anonymous_3)
FNDA:1,(anonymous_4)
FNDA:0,(anonymous_5)
DA:1,1
DA:2,1
DA:3,1
DA:4,1
DA:6,1
DA:7,1
DA:8,1
DA:10,1
DA:13,0
DA:14,0
DA:15,0
DA:20,1
DA:21,3
DA:22,3
DA:23,2
DA:26,1
DA:27,1
DA:28,1
DA:29,1
DA:31,0
DA:44,1
DA:45,1
DA:46,1
DA:47,1
DA:50,0
DA:51,0
DA:52,0
DA:53,0
DA:62,1
LF:29
LH:21
BRDA:6,0,0,1
BRDA:6,0,1,1
BRDA:7,1,0,1
BRDA:7,1,1,1
BRDA:14,2,0,0
BRDA:14,2,1,0
BRDA:22,3,0,2
BRDA:22,3,1,1
BRDA:22,4,0,3
BRDA:22,4,1,2
BRDA:28,5,0,1
BRDA:28,5,1,0
BRDA:36,6,0,0
BRDA:36,6,1,0
BRDA:37,7,0,0
BRDA:37,7,1,0
BRDA:46,8,0,1
BRDA:46,8,1,0
BRDA:46,9,0,1
BRDA:46,9,1,0
BRDA:52,10,0,0
BRDA:52,10,1,0
BRDA:56,11,0,0
BRDA:56,11,1,0
BRDA:57,12,0,0
BRDA:57,12,1,0
BRF:26
BRH:11
end_of_record
